0 info it worked if it ends with ok
1 verbose cli [ 'C:\\Users\\vladimirpavk\\Desktop\\Tutorijali\\NodeJS\\node.exe',
1 verbose cli   'C:\\Users\\vladimirpavk\\Desktop\\Tutorijali\\NodeJS\\node_modules\\npm\\bin\\npm-cli.js',
1 verbose cli   'run',
1 verbose cli   'start' ]
2 info using npm@4.1.2
3 info using node@v4.1.0
4 verbose stack Error: missing script: start
4 verbose stack     at run (C:\Users\vladimirpavk\Desktop\Tutorijali\NodeJS\node_modules\npm\lib\run-script.js:151:19)
4 verbose stack     at C:\Users\vladimirpavk\Desktop\Tutorijali\NodeJS\node_modules\npm\lib\run-script.js:61:5
4 verbose stack     at C:\Users\vladimirpavk\Desktop\Tutorijali\NodeJS\node_modules\npm\node_modules\read-package-json\read-json.js:356:5
4 verbose stack     at checkBinReferences_ (C:\Users\vladimirpavk\Desktop\Tutorijali\NodeJS\node_modules\npm\node_modules\read-package-json\read-json.js:320:45)
4 verbose stack     at final (C:\Users\vladimirpavk\Desktop\Tutorijali\NodeJS\node_modules\npm\node_modules\read-package-json\read-json.js:354:3)
4 verbose stack     at then (C:\Users\vladimirpavk\Desktop\Tutorijali\NodeJS\node_modules\npm\node_modules\read-package-json\read-json.js:124:5)
4 verbose stack     at C:\Users\vladimirpavk\Desktop\Tutorijali\NodeJS\node_modules\npm\node_modules\read-package-json\read-json.js:243:12
4 verbose stack     at C:\Users\vladimirpavk\Desktop\Tutorijali\NodeJS\node_modules\npm\node_modules\graceful-fs\graceful-fs.js:78:16
4 verbose stack     at FSReqWrap.readFileAfterClose [as oncomplete] (fs.js:380:3)
5 verbose cwd c:\Users\vladimirpavk\Desktop\Kursevi\Angular2-FlashBoxComponent
6 error Windows_NT 6.1.7601
7 error argv "C:\\Users\\vladimirpavk\\Desktop\\Tutorijali\\NodeJS\\node.exe" "C:\\Users\\vladimirpavk\\Desktop\\Tutorijali\\NodeJS\\node_modules\\npm\\bin\\npm-cli.js" "run" "start"
8 error node v4.1.0
9 error npm  v4.1.2
10 error missing script: start
11 error If you need help, you may report this error at:
11 error     <https://github.com/npm/npm/issues>
12 verbose exit [ 1, true ]
